{"nbformat":4,"nbformat_minor":0,"metadata":{"colab":{"name":"4_廻圈loop","provenance":[],"authorship_tag":"ABX9TyMq436gftUBblp9MVt4TvQk"},"kernelspec":{"name":"python3","display_name":"Python 3"}},"cells":[{"cell_type":"code","metadata":{"id":"-r51gF3JneTP","executionInfo":{"status":"ok","timestamp":1601378847090,"user_tz":-480,"elapsed":802,"user":{"displayName":"許叉子","photoUrl":"","userId":"03827810832133026521"}},"outputId":"f3d7db19-a76f-4165-ff65-ed41cd759736","colab":{"base_uri":"https://localhost:8080/","height":51}},"source":["list1=range(10)\n","print(list1)\n","\n","print(list(list1))"],"execution_count":null,"outputs":[{"output_type":"stream","text":["range(0, 10)\n","[0, 1, 2, 3, 4, 5, 6, 7, 8, 9]\n"],"name":"stdout"}]},{"cell_type":"code","metadata":{"id":"auail7Nrniq5","executionInfo":{"status":"ok","timestamp":1601378858365,"user_tz":-480,"elapsed":703,"user":{"displayName":"許叉子","photoUrl":"","userId":"03827810832133026521"}},"outputId":"f9910aa4-2ab1-4867-9a8a-2ea397cfc094","colab":{"base_uri":"https://localhost:8080/","height":34}},"source":["list2=range(-4,5)\n","print(list(list2))"],"execution_count":null,"outputs":[{"output_type":"stream","text":["[-4, -3, -2, -1, 0, 1, 2, 3, 4]\n"],"name":"stdout"}]},{"cell_type":"code","metadata":{"id":"XnyxdaHGnioy","executionInfo":{"status":"ok","timestamp":1601378865606,"user_tz":-480,"elapsed":710,"user":{"displayName":"許叉子","photoUrl":"","userId":"03827810832133026521"}},"outputId":"e17c9d5a-8be8-47e2-8ff7-48ebe79b7a02","colab":{"base_uri":"https://localhost:8080/","height":34}},"source":["list3=range(-4,5,2)\n","print(list(list3))"],"execution_count":null,"outputs":[{"output_type":"stream","text":["[-4, -2, 0, 2, 4]\n"],"name":"stdout"}]},{"cell_type":"code","metadata":{"id":"7CkxO-DonimI","executionInfo":{"status":"ok","timestamp":1601378872313,"user_tz":-480,"elapsed":687,"user":{"displayName":"許叉子","photoUrl":"","userId":"03827810832133026521"}},"outputId":"40ea26db-80aa-4d64-89e7-c9736fe13770","colab":{"base_uri":"https://localhost:8080/","height":34}},"source":["list4=range(-4,6,2)\n","print(list(list4))"],"execution_count":null,"outputs":[{"output_type":"stream","text":["[-4, -2, 0, 2, 4]\n"],"name":"stdout"}]},{"cell_type":"code","metadata":{"id":"Y254VVypnijx","executionInfo":{"status":"ok","timestamp":1601378880740,"user_tz":-480,"elapsed":738,"user":{"displayName":"許叉子","photoUrl":"","userId":"03827810832133026521"}},"outputId":"b04fe9cf-0d00-4f90-dded-214833c9bba8","colab":{"base_uri":"https://localhost:8080/","height":102}},"source":["for n in range(5):\n","  print(n)"],"execution_count":null,"outputs":[{"output_type":"stream","text":["0\n","1\n","2\n","3\n","4\n"],"name":"stdout"}]},{"cell_type":"code","metadata":{"id":"T44EqyvMniha","executionInfo":{"status":"ok","timestamp":1601378888781,"user_tz":-480,"elapsed":694,"user":{"displayName":"許叉子","photoUrl":"","userId":"03827810832133026521"}},"outputId":"de8d708b-b19d-42df-e79a-4add97e49d60","colab":{"base_uri":"https://localhost:8080/","height":34}},"source":["for n in range(10):\n","    print(n, end='@')\n","\n","    #print(n, end='%%%%')"],"execution_count":null,"outputs":[{"output_type":"stream","text":["0@1@2@3@4@5@6@7@8@9@"],"name":"stdout"}]},{"cell_type":"code","metadata":{"id":"Hy-49Q6Dniep","executionInfo":{"status":"ok","timestamp":1601378896145,"user_tz":-480,"elapsed":709,"user":{"displayName":"許叉子","photoUrl":"","userId":"03827810832133026521"}},"outputId":"046f9294-8aa7-4111-cf70-789fbeec4c4d","colab":{"base_uri":"https://localhost:8080/","height":102}},"source":["mysum = 0\n","\n","for n in range(5):\n","  mysum += n\n","  print(mysum)"],"execution_count":null,"outputs":[{"output_type":"stream","text":["0\n","1\n","3\n","6\n","10\n"],"name":"stdout"}]},{"cell_type":"code","metadata":{"id":"KBSixKjwnicJ","executionInfo":{"status":"ok","timestamp":1601378903005,"user_tz":-480,"elapsed":739,"user":{"displayName":"許叉子","photoUrl":"","userId":"03827810832133026521"}},"outputId":"8767ea80-e561-48cb-8593-836e33058aa5","colab":{"base_uri":"https://localhost:8080/","height":34}},"source":["mysum = 0\n","\n","for n in range(5):\n","  mysum += n\n","\n","print(mysum)"],"execution_count":null,"outputs":[{"output_type":"stream","text":["10\n"],"name":"stdout"}]},{"cell_type":"code","metadata":{"id":"HkgIez2IniZI","executionInfo":{"status":"ok","timestamp":1601378916657,"user_tz":-480,"elapsed":5359,"user":{"displayName":"許叉子","photoUrl":"","userId":"03827810832133026521"}},"outputId":"6128c263-258c-42f9-8c29-c7938a1c742f","colab":{"base_uri":"https://localhost:8080/","height":51}},"source":["x = int(input(\"請輸入一個正整數:\"))\n","mysum = 0\n","\n","for n in range(x):\n","  mysum += n\n","\n","print(mysum)"],"execution_count":null,"outputs":[{"output_type":"stream","text":["請輸入一個正整數:9\n","36\n"],"name":"stdout"}]},{"cell_type":"code","metadata":{"id":"n-VeDvioniWg","executionInfo":{"status":"ok","timestamp":1601439151010,"user_tz":-480,"elapsed":1627,"user":{"displayName":"許叉子","photoUrl":"","userId":"03827810832133026521"}},"outputId":"04124349-6b49-45f4-8790-c1b012530978","colab":{"base_uri":"https://localhost:8080/","height":34}},"source":["\n","\n","numbers = [21, 4, 35, 1, 8, 7, 3, 6, 9]\n","my_numbers = []\n","\n","for number in numbers:\n","  if (number % 2 != 0): \n","    my_numbers.append(number)\n","\n","print(my_numbers)"],"execution_count":1,"outputs":[{"output_type":"stream","text":["[21, 35, 1, 7, 3, 9]\n"],"name":"stdout"}]},{"cell_type":"code","metadata":{"id":"fDeRWWGjniT4","executionInfo":{"status":"error","timestamp":1601439257331,"user_tz":-480,"elapsed":835,"user":{"displayName":"許叉子","photoUrl":"","userId":"03827810832133026521"}},"outputId":"baa86b41-c9fa-47c3-a3af-b296ba8ad602","colab":{"base_uri":"https://localhost:8080/","height":131}},"source":["### n階程的計算:n!=1*2*3*⋯*n\n","1! = 1*1 =1\n","2!　=　1*2　=　2\n","3!　=　1*2*3　=　6"],"execution_count":5,"outputs":[{"output_type":"error","ename":"SyntaxError","evalue":"ignored","traceback":["\u001b[0;36m  File \u001b[0;32m\"<ipython-input-5-dbae7d09e710>\"\u001b[0;36m, line \u001b[0;32m2\u001b[0m\n\u001b[0;31m    1! = 1*1 =1\u001b[0m\n\u001b[0m     ^\u001b[0m\n\u001b[0;31mSyntaxError\u001b[0m\u001b[0;31m:\u001b[0m invalid syntax\n"]}]},{"cell_type":"code","metadata":{"id":"sxPP1z8qniRZ","executionInfo":{"status":"ok","timestamp":1601378996647,"user_tz":-480,"elapsed":4307,"user":{"displayName":"許叉子","photoUrl":"","userId":"03827810832133026521"}},"outputId":"cd6d7525-0821-408d-cceb-87e0af3292be","colab":{"base_uri":"https://localhost:8080/","height":51}},"source":["total = i = 1\n","\n","n = int(input(\"請輸入正整數 n 的值：\"))\n","\n","while(i<=n):\n","    total *= i  \n","    i+=1      \n","\n","print(\"%d!=%d\" % (n, total))"],"execution_count":null,"outputs":[{"output_type":"stream","text":["請輸入正整數 n 的值：21\n","21!=51090942171709440000\n"],"name":"stdout"}]},{"cell_type":"code","metadata":{"id":"nA9pYgP7niOx","executionInfo":{"status":"error","timestamp":1601379026491,"user_tz":-480,"elapsed":20761,"user":{"displayName":"許叉子","photoUrl":"","userId":"03827810832133026521"}},"outputId":"3848af5f-d2da-4447-d4a2-95f0a89b72e6","colab":{"base_uri":"https://localhost:8080/","height":636}},"source":["fruits = [\"香蕉\",\"蘋果\",\"橘子\",\"鳳梨\",\"西瓜\"]\n","\n","while True:\n","    fruit = input(\"請輸入喜歡的水果(Enter 結束)：\")\n","\n","  #  if (fruit==\"\"):\n","  #      break\n","\n","    n = fruits.count(fruit) \n","    if (n>0):  # 串列元素存在\n","        p=fruits.index(fruit)\n","        print(\"%s 在串列中的第 %d 項\" %(fruit,p+1))\n","    else:\n","        print(fruit,\"不在串列中!\")"],"execution_count":null,"outputs":[{"output_type":"stream","text":["請輸入喜歡的水果(Enter 結束)：鳳梨\n","鳳梨 在串列中的第 4 項\n","請輸入喜歡的水果(Enter 結束)：芭樂\n","芭樂 不在串列中!\n"],"name":"stdout"},{"output_type":"error","ename":"KeyboardInterrupt","evalue":"ignored","traceback":["\u001b[0;31m---------------------------------------------------------------------------\u001b[0m","\u001b[0;31mKeyboardInterrupt\u001b[0m                         Traceback (most recent call last)","\u001b[0;32m/usr/local/lib/python3.6/dist-packages/ipykernel/kernelbase.py\u001b[0m in \u001b[0;36m_input_request\u001b[0;34m(self, prompt, ident, parent, password)\u001b[0m\n\u001b[1;32m    728\u001b[0m             \u001b[0;32mtry\u001b[0m\u001b[0;34m:\u001b[0m\u001b[0;34m\u001b[0m\u001b[0;34m\u001b[0m\u001b[0m\n\u001b[0;32m--> 729\u001b[0;31m                 \u001b[0mident\u001b[0m\u001b[0;34m,\u001b[0m \u001b[0mreply\u001b[0m \u001b[0;34m=\u001b[0m \u001b[0mself\u001b[0m\u001b[0;34m.\u001b[0m\u001b[0msession\u001b[0m\u001b[0;34m.\u001b[0m\u001b[0mrecv\u001b[0m\u001b[0;34m(\u001b[0m\u001b[0mself\u001b[0m\u001b[0;34m.\u001b[0m\u001b[0mstdin_socket\u001b[0m\u001b[0;34m,\u001b[0m \u001b[0;36m0\u001b[0m\u001b[0;34m)\u001b[0m\u001b[0;34m\u001b[0m\u001b[0;34m\u001b[0m\u001b[0m\n\u001b[0m\u001b[1;32m    730\u001b[0m             \u001b[0;32mexcept\u001b[0m \u001b[0mException\u001b[0m\u001b[0;34m:\u001b[0m\u001b[0;34m\u001b[0m\u001b[0;34m\u001b[0m\u001b[0m\n","\u001b[0;32m/usr/local/lib/python3.6/dist-packages/jupyter_client/session.py\u001b[0m in \u001b[0;36mrecv\u001b[0;34m(self, socket, mode, content, copy)\u001b[0m\n\u001b[1;32m    802\u001b[0m         \u001b[0;32mtry\u001b[0m\u001b[0;34m:\u001b[0m\u001b[0;34m\u001b[0m\u001b[0;34m\u001b[0m\u001b[0m\n\u001b[0;32m--> 803\u001b[0;31m             \u001b[0mmsg_list\u001b[0m \u001b[0;34m=\u001b[0m \u001b[0msocket\u001b[0m\u001b[0;34m.\u001b[0m\u001b[0mrecv_multipart\u001b[0m\u001b[0;34m(\u001b[0m\u001b[0mmode\u001b[0m\u001b[0;34m,\u001b[0m \u001b[0mcopy\u001b[0m\u001b[0;34m=\u001b[0m\u001b[0mcopy\u001b[0m\u001b[0;34m)\u001b[0m\u001b[0;34m\u001b[0m\u001b[0;34m\u001b[0m\u001b[0m\n\u001b[0m\u001b[1;32m    804\u001b[0m         \u001b[0;32mexcept\u001b[0m \u001b[0mzmq\u001b[0m\u001b[0;34m.\u001b[0m\u001b[0mZMQError\u001b[0m \u001b[0;32mas\u001b[0m \u001b[0me\u001b[0m\u001b[0;34m:\u001b[0m\u001b[0;34m\u001b[0m\u001b[0;34m\u001b[0m\u001b[0m\n","\u001b[0;32m/usr/local/lib/python3.6/dist-packages/zmq/sugar/socket.py\u001b[0m in \u001b[0;36mrecv_multipart\u001b[0;34m(self, flags, copy, track)\u001b[0m\n\u001b[1;32m    490\u001b[0m         \"\"\"\n\u001b[0;32m--> 491\u001b[0;31m         \u001b[0mparts\u001b[0m \u001b[0;34m=\u001b[0m \u001b[0;34m[\u001b[0m\u001b[0mself\u001b[0m\u001b[0;34m.\u001b[0m\u001b[0mrecv\u001b[0m\u001b[0;34m(\u001b[0m\u001b[0mflags\u001b[0m\u001b[0;34m,\u001b[0m \u001b[0mcopy\u001b[0m\u001b[0;34m=\u001b[0m\u001b[0mcopy\u001b[0m\u001b[0;34m,\u001b[0m \u001b[0mtrack\u001b[0m\u001b[0;34m=\u001b[0m\u001b[0mtrack\u001b[0m\u001b[0;34m)\u001b[0m\u001b[0;34m]\u001b[0m\u001b[0;34m\u001b[0m\u001b[0;34m\u001b[0m\u001b[0m\n\u001b[0m\u001b[1;32m    492\u001b[0m         \u001b[0;31m# have first part already, only loop while more to receive\u001b[0m\u001b[0;34m\u001b[0m\u001b[0;34m\u001b[0m\u001b[0;34m\u001b[0m\u001b[0m\n","\u001b[0;32mzmq/backend/cython/socket.pyx\u001b[0m in \u001b[0;36mzmq.backend.cython.socket.Socket.recv\u001b[0;34m()\u001b[0m\n","\u001b[0;32mzmq/backend/cython/socket.pyx\u001b[0m in \u001b[0;36mzmq.backend.cython.socket.Socket.recv\u001b[0;34m()\u001b[0m\n","\u001b[0;32mzmq/backend/cython/socket.pyx\u001b[0m in \u001b[0;36mzmq.backend.cython.socket._recv_copy\u001b[0;34m()\u001b[0m\n","\u001b[0;32m/usr/local/lib/python3.6/dist-packages/zmq/backend/cython/checkrc.pxd\u001b[0m in \u001b[0;36mzmq.backend.cython.checkrc._check_rc\u001b[0;34m()\u001b[0m\n","\u001b[0;31mKeyboardInterrupt\u001b[0m: ","\nDuring handling of the above exception, another exception occurred:\n","\u001b[0;31mKeyboardInterrupt\u001b[0m                         Traceback (most recent call last)","\u001b[0;32m<ipython-input-15-281d147c13bf>\u001b[0m in \u001b[0;36m<module>\u001b[0;34m()\u001b[0m\n\u001b[1;32m      2\u001b[0m \u001b[0;34m\u001b[0m\u001b[0m\n\u001b[1;32m      3\u001b[0m \u001b[0;32mwhile\u001b[0m \u001b[0;32mTrue\u001b[0m\u001b[0;34m:\u001b[0m\u001b[0;34m\u001b[0m\u001b[0;34m\u001b[0m\u001b[0m\n\u001b[0;32m----> 4\u001b[0;31m     \u001b[0mfruit\u001b[0m \u001b[0;34m=\u001b[0m \u001b[0minput\u001b[0m\u001b[0;34m(\u001b[0m\u001b[0;34m\"請輸入喜歡的水果(Enter 結束)：\"\u001b[0m\u001b[0;34m)\u001b[0m\u001b[0;34m\u001b[0m\u001b[0;34m\u001b[0m\u001b[0m\n\u001b[0m\u001b[1;32m      5\u001b[0m \u001b[0;34m\u001b[0m\u001b[0m\n\u001b[1;32m      6\u001b[0m   \u001b[0;31m#  if (fruit==\"\"):\u001b[0m\u001b[0;34m\u001b[0m\u001b[0;34m\u001b[0m\u001b[0;34m\u001b[0m\u001b[0m\n","\u001b[0;32m/usr/local/lib/python3.6/dist-packages/ipykernel/kernelbase.py\u001b[0m in \u001b[0;36mraw_input\u001b[0;34m(self, prompt)\u001b[0m\n\u001b[1;32m    702\u001b[0m             \u001b[0mself\u001b[0m\u001b[0;34m.\u001b[0m\u001b[0m_parent_ident\u001b[0m\u001b[0;34m,\u001b[0m\u001b[0;34m\u001b[0m\u001b[0;34m\u001b[0m\u001b[0m\n\u001b[1;32m    703\u001b[0m             \u001b[0mself\u001b[0m\u001b[0;34m.\u001b[0m\u001b[0m_parent_header\u001b[0m\u001b[0;34m,\u001b[0m\u001b[0;34m\u001b[0m\u001b[0;34m\u001b[0m\u001b[0m\n\u001b[0;32m--> 704\u001b[0;31m             \u001b[0mpassword\u001b[0m\u001b[0;34m=\u001b[0m\u001b[0;32mFalse\u001b[0m\u001b[0;34m,\u001b[0m\u001b[0;34m\u001b[0m\u001b[0;34m\u001b[0m\u001b[0m\n\u001b[0m\u001b[1;32m    705\u001b[0m         )\n\u001b[1;32m    706\u001b[0m \u001b[0;34m\u001b[0m\u001b[0m\n","\u001b[0;32m/usr/local/lib/python3.6/dist-packages/ipykernel/kernelbase.py\u001b[0m in \u001b[0;36m_input_request\u001b[0;34m(self, prompt, ident, parent, password)\u001b[0m\n\u001b[1;32m    732\u001b[0m             \u001b[0;32mexcept\u001b[0m \u001b[0mKeyboardInterrupt\u001b[0m\u001b[0;34m:\u001b[0m\u001b[0;34m\u001b[0m\u001b[0;34m\u001b[0m\u001b[0m\n\u001b[1;32m    733\u001b[0m                 \u001b[0;31m# re-raise KeyboardInterrupt, to truncate traceback\u001b[0m\u001b[0;34m\u001b[0m\u001b[0;34m\u001b[0m\u001b[0;34m\u001b[0m\u001b[0m\n\u001b[0;32m--> 734\u001b[0;31m                 \u001b[0;32mraise\u001b[0m \u001b[0mKeyboardInterrupt\u001b[0m\u001b[0;34m\u001b[0m\u001b[0;34m\u001b[0m\u001b[0m\n\u001b[0m\u001b[1;32m    735\u001b[0m             \u001b[0;32melse\u001b[0m\u001b[0;34m:\u001b[0m\u001b[0;34m\u001b[0m\u001b[0;34m\u001b[0m\u001b[0m\n\u001b[1;32m    736\u001b[0m                 \u001b[0;32mbreak\u001b[0m\u001b[0;34m\u001b[0m\u001b[0;34m\u001b[0m\u001b[0m\n","\u001b[0;31mKeyboardInterrupt\u001b[0m: "]}]},{"cell_type":"code","metadata":{"id":"hurx7S3LniMj","executionInfo":{"status":"ok","timestamp":1601379046064,"user_tz":-480,"elapsed":5398,"user":{"displayName":"許叉子","photoUrl":"","userId":"03827810832133026521"}},"outputId":"cabf6536-44e6-4e4d-cad4-cf75e4bbf951","colab":{"base_uri":"https://localhost:8080/","height":51}},"source":["n = int(input(\"請輸入正整數：\"))\n","\n","for i in range(1, n+1):\n","    if i % 5 ==0:\n","        continue\n","    print(i,end=\" \")"],"execution_count":null,"outputs":[{"output_type":"stream","text":["請輸入正整數：9\n","1 2 3 4 6 7 8 9 "],"name":"stdout"}]},{"cell_type":"code","metadata":{"id":"F9TgNvgkniKA","executionInfo":{"status":"ok","timestamp":1601379055531,"user_tz":-480,"elapsed":681,"user":{"displayName":"許叉子","photoUrl":"","userId":"03827810832133026521"}},"outputId":"3bdb6d02-5782-48de-f906-e134cb675b81","colab":{"base_uri":"https://localhost:8080/","height":1000}},"source":["#!/usr/bin/python\n","# -*- coding: UTF-8 -*-\n"," \n","for i in range(1,6):\n","    for j in range(1,5):\n","        for k in range(1,7):\n","            if( i != k ) and (i != j) and (j != k):\n","                print(i,j,k)"],"execution_count":null,"outputs":[{"output_type":"stream","text":["1 2 3\n","1 2 4\n","1 2 5\n","1 2 6\n","1 3 2\n","1 3 4\n","1 3 5\n","1 3 6\n","1 4 2\n","1 4 3\n","1 4 5\n","1 4 6\n","2 1 3\n","2 1 4\n","2 1 5\n","2 1 6\n","2 3 1\n","2 3 4\n","2 3 5\n","2 3 6\n","2 4 1\n","2 4 3\n","2 4 5\n","2 4 6\n","3 1 2\n","3 1 4\n","3 1 5\n","3 1 6\n","3 2 1\n","3 2 4\n","3 2 5\n","3 2 6\n","3 4 1\n","3 4 2\n","3 4 5\n","3 4 6\n","4 1 2\n","4 1 3\n","4 1 5\n","4 1 6\n","4 2 1\n","4 2 3\n","4 2 5\n","4 2 6\n","4 3 1\n","4 3 2\n","4 3 5\n","4 3 6\n","5 1 2\n","5 1 3\n","5 1 4\n","5 1 6\n","5 2 1\n","5 2 3\n","5 2 4\n","5 2 6\n","5 3 1\n","5 3 2\n","5 3 4\n","5 3 6\n","5 4 1\n","5 4 2\n","5 4 3\n","5 4 6\n"],"name":"stdout"}]},{"cell_type":"code","metadata":{"id":"c8D14PS6niII","executionInfo":{"status":"ok","timestamp":1601379065274,"user_tz":-480,"elapsed":680,"user":{"displayName":"許叉子","photoUrl":"","userId":"03827810832133026521"}},"outputId":"3ba15fed-952e-4607-d7d6-e616943bf058","colab":{"base_uri":"https://localhost:8080/","height":340}},"source":["for x in range(19):\n","  print(x)"],"execution_count":null,"outputs":[{"output_type":"stream","text":["0\n","1\n","2\n","3\n","4\n","5\n","6\n","7\n","8\n","9\n","10\n","11\n","12\n","13\n","14\n","15\n","16\n","17\n","18\n"],"name":"stdout"}]},{"cell_type":"code","metadata":{"id":"wiw5asZpniDy","executionInfo":{"status":"ok","timestamp":1601379076475,"user_tz":-480,"elapsed":705,"user":{"displayName":"許叉子","photoUrl":"","userId":"03827810832133026521"}},"outputId":"2470f0e7-edc1-414f-bc49-3adc594babbf","colab":{"base_uri":"https://localhost:8080/","height":187}},"source":["for x in range(0,19,2):\n","  print(x)"],"execution_count":null,"outputs":[{"output_type":"stream","text":["0\n","2\n","4\n","6\n","8\n","10\n","12\n","14\n","16\n","18\n"],"name":"stdout"}]},{"cell_type":"code","metadata":{"id":"Mdo4eG2coXDS","executionInfo":{"status":"ok","timestamp":1601379083642,"user_tz":-480,"elapsed":685,"user":{"displayName":"許叉子","photoUrl":"","userId":"03827810832133026521"}},"outputId":"bb9a7524-4a11-4f4a-f2d9-21cf3ca8d2e2","colab":{"base_uri":"https://localhost:8080/","height":170}},"source":["for x in range(20,11,-1):\n","  print(x)"],"execution_count":null,"outputs":[{"output_type":"stream","text":["20\n","19\n","18\n","17\n","16\n","15\n","14\n","13\n","12\n"],"name":"stdout"}]},{"cell_type":"code","metadata":{"id":"vVBu_OxboXBB"},"source":["for x in range(0,19,-1):\n","  print(x)"],"execution_count":null,"outputs":[]},{"cell_type":"code","metadata":{"id":"9mNVfi--oW87","executionInfo":{"status":"ok","timestamp":1601379102597,"user_tz":-480,"elapsed":667,"user":{"displayName":"許叉子","photoUrl":"","userId":"03827810832133026521"}},"outputId":"32edbf59-d169-4228-fe3c-23db69988506","colab":{"base_uri":"https://localhost:8080/","height":34}},"source":["output = ''\n","\n","for x in range(0,19,3):\n","  output += str(x)\n","  print(output, end=\" \")"],"execution_count":null,"outputs":[{"output_type":"stream","text":["0 03 036 0369 036912 03691215 0369121518 "],"name":"stdout"}]},{"cell_type":"code","metadata":{"id":"TVEe2SN8oW6i","executionInfo":{"status":"ok","timestamp":1601379109287,"user_tz":-480,"elapsed":669,"user":{"displayName":"許叉子","photoUrl":"","userId":"03827810832133026521"}},"outputId":"4337a6e1-c9b4-4127-903c-7549b00905e1","colab":{"base_uri":"https://localhost:8080/","height":34}},"source":["output = ''\n","\n","for x in range(0,19,3):\n","  print(x, end=\" \")"],"execution_count":null,"outputs":[{"output_type":"stream","text":["0 3 6 9 12 15 18 "],"name":"stdout"}]},{"cell_type":"code","metadata":{"id":"VlhxGQLloW36","executionInfo":{"status":"ok","timestamp":1601379116294,"user_tz":-480,"elapsed":684,"user":{"displayName":"許叉子","photoUrl":"","userId":"03827810832133026521"}},"outputId":"69cb3d39-48a3-4833-a651-058f15e3e989","colab":{"base_uri":"https://localhost:8080/","height":34}},"source":["list1 = range(0,19,3)\n","\n","for x in list1:\n","  print(x, end=\" \")"],"execution_count":null,"outputs":[{"output_type":"stream","text":["0 3 6 9 12 15 18 "],"name":"stdout"}]},{"cell_type":"code","metadata":{"id":"r9bPSGDNoW1S","executionInfo":{"status":"ok","timestamp":1601379131912,"user_tz":-480,"elapsed":4803,"user":{"displayName":"許叉子","photoUrl":"","userId":"03827810832133026521"}},"outputId":"843ca9a0-5bce-4d1a-d3ab-4fd219cac86e","colab":{"base_uri":"https://localhost:8080/","height":119}},"source":["#!/usr/bin/python\n","# -*- coding: UTF-8 -*-\n"," \n","i = int(input('淨利潤:'))\n","\n","arr = [1000000,600000,400000,200000,100000,0]\n","rat = [0.01,0.015,0.03,0.05,0.075,0.1]\n","r = 0\n","\n","for idx in range(0,6):\n","    if i>arr[idx]:\n","        r+=(i-arr[idx])*rat[idx]\n","        print((i-arr[idx])*rat[idx])\n","        i=arr[idx]\n","\n","print(r)"],"execution_count":null,"outputs":[{"output_type":"stream","text":["淨利潤:500000\n","3000.0\n","10000.0\n","7500.0\n","10000.0\n","30500.0\n"],"name":"stdout"}]},{"cell_type":"code","metadata":{"id":"Sdzr_PG8oWwi","executionInfo":{"status":"error","timestamp":1601379242302,"user_tz":-480,"elapsed":717,"user":{"displayName":"許叉子","photoUrl":"","userId":"03827810832133026521"}},"outputId":"c7db6c7e-0279-424e-c9f8-0cb6a918e2f5","colab":{"base_uri":"https://localhost:8080/","height":131}},"source":["#!user/binpython\n"," # -*- coding: UTF-8 -*-\n"," for i in range(1,10):\n","     for j in range(1,10):\n","         print(\"%d*%d=%2d\" % (i,j,i*j),end=\" \")\n","     print(\"\")"],"execution_count":null,"outputs":[{"output_type":"error","ename":"IndentationError","evalue":"ignored","traceback":["\u001b[0;36m  File \u001b[0;32m\"<ipython-input-27-5a6817c8e394>\"\u001b[0;36m, line \u001b[0;32m3\u001b[0m\n\u001b[0;31m    for i in range(1,10):\u001b[0m\n\u001b[0m    ^\u001b[0m\n\u001b[0;31mIndentationError\u001b[0m\u001b[0;31m:\u001b[0m unexpected indent\n"]}]}]}